<?xml version="1.0" encoding="UTF-8"?>
<!-- Generated by org.testng.reporters.JUnitReportReporter -->
<testsuite hostname="oliveresabelle" failures="0" tests="1" name="com.spring.TestRunner.TestRunnerSpringClass" time="16.496" errors="0" timestamp="2022-11-08T12:49:50 PST" skipped="0">
  <testcase classname="com.spring.TestRunner.TestRunnerSpringClass" name="feature" time="16.496"/>
  <system-out/>
</testsuite> <!-- com.spring.TestRunner.TestRunnerSpringClass -->
